{
  "stats": {
    "suites": 2,
    "tests": 2,
    "passes": 1,
    "pending": 0,
    "failures": 1,
    "start": "2021-07-08T11:38:01.121Z",
    "end": "2021-07-08T11:38:02.652Z",
    "duration": 1531,
    "testsRegistered": 2,
    "passPercent": 50,
    "pendingPercent": 0,
    "other": 0,
    "hasOther": false,
    "skipped": 0,
    "hasSkipped": false
  },
  "results": [
    {
      "uuid": "a6667581-3336-4d00-9385-d960951faa56",
      "title": "",
      "fullFile": "cypress/integration/services/Cards/tests/POSTCards.spec.js",
      "file": "cypress/integration/services/Cards/tests/POSTCards.spec.js",
      "beforeHooks": [],
      "afterHooks": [],
      "tests": [],
      "suites": [
        {
          "uuid": "c847ea48-f80f-480b-b4d4-e5c17e0c3003",
          "title": "POST Cards",
          "fullFile": "",
          "file": "",
          "beforeHooks": [],
          "afterHooks": [],
          "tests": [
            {
              "title": "Verificar uma nova carta",
              "fullTitle": "POST Cards Verificar uma nova carta",
              "timedOut": null,
              "duration": 586,
              "state": "passed",
              "speed": "slow",
              "pass": true,
              "fail": false,
              "pending": false,
              "context": null,
              "code": "POSTCards.drawACard().should(response => {\n  expect(response.status).to.eq(200);\n  expect(response.body).to.be.not.null;\n});",
              "err": {},
              "uuid": "829f6ec0-1e62-4bcf-9d6d-6d216003cc1b",
              "parentUUID": "c847ea48-f80f-480b-b4d4-e5c17e0c3003",
              "isHook": false,
              "skipped": false
            }
          ],
          "suites": [],
          "passes": [
            "829f6ec0-1e62-4bcf-9d6d-6d216003cc1b"
          ],
          "failures": [],
          "pending": [],
          "skipped": [],
          "duration": 586,
          "root": false,
          "rootEmpty": false,
          "_timeout": 2000
        },
        {
          "uuid": "651e9c39-9106-460a-b92c-eb850a9c2470",
          "title": "POST Cards",
          "fullFile": "",
          "file": "",
          "beforeHooks": [],
          "afterHooks": [],
          "tests": [
            {
              "title": "Retirar mais uma carta do baralho",
              "fullTitle": "POST Cards Retirar mais uma carta do baralho",
              "timedOut": null,
              "duration": 853,
              "state": "failed",
              "speed": null,
              "pass": false,
              "fail": true,
              "pending": false,
              "context": null,
              "code": "POSTCards.drawACard().should(response => {\n  expect(response.status).to.eq(201);\n  expect(response.body).to.be.not.null;\n});",
              "err": {
                "message": "AssertionError: expected 200 to equal 201",
                "estack": "AssertionError: expected 200 to equal 201\n    at Context.eval (https://deckofcardsapi.com/__cypress/tests?p=cypress/integration/services/Cards/tests/POSTCards.spec.js:142:34)",
                "diff": "- 200\n+ 201\n"
              },
              "uuid": "9116ffb1-6f09-4f4e-a537-b7293fa26855",
              "parentUUID": "651e9c39-9106-460a-b92c-eb850a9c2470",
              "isHook": false,
              "skipped": false
            }
          ],
          "suites": [],
          "passes": [],
          "failures": [
            "9116ffb1-6f09-4f4e-a537-b7293fa26855"
          ],
          "pending": [],
          "skipped": [],
          "duration": 853,
          "root": false,
          "rootEmpty": false,
          "_timeout": 2000
        }
      ],
      "passes": [],
      "failures": [],
      "pending": [],
      "skipped": [],
      "duration": 0,
      "root": true,
      "rootEmpty": true,
      "_timeout": 2000
    }
  ],
  "meta": {
    "mocha": {
      "version": "7.0.1"
    },
    "mochawesome": {
      "options": {
        "quiet": false,
        "reportFilename": "mochawesome",
        "saveHtml": true,
        "saveJson": true,
        "consoleReporter": "spec",
        "useInlineDiffs": false,
        "code": true
      },
      "version": "6.2.2"
    },
    "marge": {
      "options": {
        "overwrite": false
      },
      "version": "5.2.0"
    }
  }
}